# JRE version: Java(TM) SE Runtime Environment (8.0_131-b11) (build 1.8.0_131-b11)
# Java VM: Java HotSpot(TM) 64-Bit Server VM (25.131-b11 mixed mode windows-amd64 compressed oops)
Heap:
 PSYoungGen      total 205824K, used 167999K [0x00000000e0000000, 0x00000000f1600000, 0x0000000100000000)
  eden space 176128K, 81% used [0x00000000e0000000,0x00000000e8c28a68,0x00000000eac00000)
  from space 29696K, 82% used [0x00000000eac00000,0x00000000ec3e7260,0x00000000ec900000)
  to   space 38400K, 0% used [0x00000000ef080000,0x00000000ef080000,0x00000000f1600000)
 ParOldGen       total 184320K, used 64399K [0x00000000a0000000, 0x00000000ab400000, 0x00000000e0000000)
  object space 184320K, 34% used [0x00000000a0000000,0x00000000a3ee3eb8,0x00000000ab400000)
 Metaspace       used 105507K, capacity 109914K, committed 111692K, reserved 1146880K
  class space    used 13565K, capacity 14315K, committed 14720K, reserved 1048576K
GC Heap History (10 events):
Event: 7458.316 GC heap before
{Heap before GC invocations=29 (full 4):
 PSYoungGen      total 204288K, used 188976K [0x00000000e0000000, 0x00000000ef580000, 0x0000000100000000)
  eden space 176128K, 100% used [0x00000000e0000000,0x00000000eac00000,0x00000000eac00000)
  from space 28160K, 45% used [0x00000000eda00000,0x00000000ee68c060,0x00000000ef580000)
  to   space 29696K, 0% used [0x00000000eac00000,0x00000000eac00000,0x00000000ec900000)
 ParOldGen       total 184320K, used 46943K [0x00000000a0000000, 0x00000000ab400000, 0x00000000e0000000)
  object space 184320K, 25% used [0x00000000a0000000,0x00000000a2dd7c50,0x00000000ab400000)
 Metaspace       used 96562K, capacity 100188K, committed 103500K, reserved 1138688K
  class space    used 12353K, capacity 13014K, committed 13696K, reserved 1048576K
Event: 7458.373 GC heap after
Heap after GC invocations=29 (full 4):
 PSYoungGen      total 205824K, used 23820K [0x00000000e0000000, 0x00000000efc80000, 0x0000000100000000)
  eden space 176128K, 0% used [0x00000000e0000000,0x00000000e0000000,0x00000000eac00000)
  from space 29696K, 80% used [0x00000000eac00000,0x00000000ec343270,0x00000000ec900000)
  to   space 29184K, 0% used [0x00000000ee000000,0x00000000ee000000,0x00000000efc80000)
 ParOldGen       total 184320K, used 46959K [0x00000000a0000000, 0x00000000ab400000, 0x00000000e0000000)
  object space 184320K, 25% used [0x00000000a0000000,0x00000000a2ddbc50,0x00000000ab400000)
 Metaspace       used 96562K, capacity 100188K, committed 103500K, reserved 1138688K
  class space    used 12353K, capacity 13014K, committed 13696K, reserved 1048576K
}
Event: 7460.256 GC heap before
{Heap before GC invocations=30 (full 4):
 PSYoungGen      total 205824K, used 199948K [0x00000000e0000000, 0x00000000efc80000, 0x0000000100000000)
  eden space 176128K, 100% used [0x00000000e0000000,0x00000000eac00000,0x00000000eac00000)
  from space 29696K, 80% used [0x00000000eac00000,0x00000000ec343270,0x00000000ec900000)
  to   space 29184K, 0% used [0x00000000ee000000,0x00000000ee000000,0x00000000efc80000)
 ParOldGen       total 184320K, used 46959K [0x00000000a0000000, 0x00000000ab400000, 0x00000000e0000000)
  object space 184320K, 25% used [0x00000000a0000000,0x00000000a2ddbc50,0x00000000ab400000)
 Metaspace       used 99945K, capacity 103756K, committed 106828K, reserved 1142784K
  class space    used 12832K, capacity 13508K, committed 14208K, reserved 1048576K
Event: 7460.299 GC heap after
Heap after GC invocations=30 (full 4):
 PSYoungGen      total 205312K, used 29165K [0x00000000e0000000, 0x00000000efc80000, 0x0000000100000000)
  eden space 176128K, 0% used [0x00000000e0000000,0x00000000e0000000,0x00000000eac00000)
  from space 29184K, 99% used [0x00000000ee000000,0x00000000efc7b5d0,0x00000000efc80000)
  to   space 29696K, 0% used [0x00000000eac00000,0x00000000eac00000,0x00000000ec900000)
 ParOldGen       total 184320K, used 51125K [0x00000000a0000000, 0x00000000ab400000, 0x00000000e0000000)
  object space 184320K, 27% used [0x00000000a0000000,0x00000000a31ed5f8,0x00000000ab400000)
 Metaspace       used 99945K, capacity 103756K, committed 106828K, reserved 1142784K
  class space    used 12832K, capacity 13508K, committed 14208K, reserved 1048576K
}
Event: 7462.784 GC heap before
{Heap before GC invocations=31 (full 4):
 PSYoungGen      total 205312K, used 205293K [0x00000000e0000000, 0x00000000efc80000, 0x0000000100000000)
  eden space 176128K, 100% used [0x00000000e0000000,0x00000000eac00000,0x00000000eac00000)
  from space 29184K, 99% used [0x00000000ee000000,0x00000000efc7b5d0,0x00000000efc80000)
  to   space 29696K, 0% used [0x00000000eac00000,0x00000000eac00000,0x00000000ec900000)
 ParOldGen       total 184320K, used 51125K [0x00000000a0000000, 0x00000000ab400000, 0x00000000e0000000)
  object space 184320K, 27% used [0x00000000a0000000,0x00000000a31ed5f8,0x00000000ab400000)
 Metaspace       used 105211K, capacity 109608K, committed 111436K, reserved 1146880K
  class space    used 13556K, capacity 14314K, committed 14720K, reserved 1048576K
Event: 7462.896 GC heap after
Heap after GC invocations=31 (full 4):
 PSYoungGen      total 205824K, used 29665K [0x00000000e0000000, 0x00000000f1600000, 0x0000000100000000)
  eden space 176128K, 0% used [0x00000000e0000000,0x00000000e0000000,0x00000000eac00000)
  from space 29696K, 99% used [0x00000000eac00000,0x00000000ec8f8508,0x00000000ec900000)
  to   space 38400K, 0% used [0x00000000ef080000,0x00000000ef080000,0x00000000f1600000)
 ParOldGen       total 184320K, used 52731K [0x00000000a0000000, 0x00000000ab400000, 0x00000000e0000000)
  object space 184320K, 28% used [0x00000000a0000000,0x00000000a337ed98,0x00000000ab400000)
 Metaspace       used 105211K, capacity 109608K, committed 111436K, reserved 1146880K
  class space    used 13556K, capacity 14314K, committed 14720K, reserved 1048576K
}
Event: 7463.890 GC heap before
{Heap before GC invocations=32 (full 4):
 PSYoungGen      total 205824K, used 205793K [0x00000000e0000000, 0x00000000f1600000, 0x0000000100000000)
  eden space 176128K, 100% used [0x00000000e0000000,0x00000000eac00000,0x00000000eac00000)
  from space 29696K, 99% used [0x00000000eac00000,0x00000000ec8f8508,0x00000000ec900000)
  to   space 38400K, 0% used [0x00000000ef080000,0x00000000ef080000,0x00000000f1600000)
 ParOldGen       total 184320K, used 52731K [0x00000000a0000000, 0x00000000ab400000, 0x00000000e0000000)
  object space 184320K, 28% used [0x00000000a0000000,0x00000000a337ed98,0x00000000ab400000)
 Metaspace       used 105364K, capacity 109776K, committed 111692K, reserved 1146880K
  class space    used 13557K, capacity 14314K, committed 14720K, reserved 1048576K
Event: 7463.963 GC heap after
Heap after GC invocations=32 (full 4):
 PSYoungGen      total 214528K, used 29989K [0x00000000e0000000, 0x00000000f1600000, 0x0000000100000000)
  eden space 176128K, 0% used [0x00000000e0000000,0x00000000e0000000,0x00000000eac00000)
  from space 38400K, 78% used [0x00000000ef080000,0x00000000f0dc94d8,0x00000000f1600000)
  to   space 29696K, 0% used [0x00000000eac00000,0x00000000eac00000,0x00000000ec900000)
 ParOldGen       total 184320K, used 52731K [0x00000000a0000000, 0x00000000ab400000, 0x00000000e0000000)
  object space 184320K, 28% used [0x00000000a0000000,0x00000000a337ed98,0x00000000ab400000)
 Metaspace       used 105364K, capacity 109776K, committed 111692K, reserved 1146880K
  class space    used 13557K, capacity 14314K, committed 14720K, reserved 1048576K
}
Event: 7464.900 GC heap before
{Heap before GC invocations=33 (full 4):
 PSYoungGen      total 214528K, used 206117K [0x00000000e0000000, 0x00000000f1600000, 0x0000000100000000)
  eden space 176128K, 100% used [0x00000000e0000000,0x00000000eac00000,0x00000000eac00000)
  from space 38400K, 78% used [0x00000000ef080000,0x00000000f0dc94d8,0x00000000f1600000)
  to   space 29696K, 0% used [0x00000000eac00000,0x00000000eac00000,0x00000000ec900000)
 ParOldGen       total 184320K, used 52731K [0x00000000a0000000, 0x00000000ab400000, 0x00000000e0000000)
  object space 184320K, 28% used [0x00000000a0000000,0x00000000a337ed98,0x00000000ab400000)
 Metaspace       used 105452K, capacity 109846K, committed 111692K, reserved 1146880K
  class space    used 13558K, capacity 14315K, committed 14720K, reserved 1048576K
Event: 7464.954 GC heap after
Heap after GC invocations=33 (full 4):
 PSYoungGen      total 205824K, used 24476K [0x00000000e0000000, 0x00000000f1600000, 0x0000000100000000)
  eden space 176128K, 0% used [0x00000000e0000000,0x00000000e0000000,0x00000000eac00000)
  from space 29696K, 82% used [0x00000000eac00000,0x00000000ec3e7260,0x00000000ec900000)
  to   space 38400K, 0% used [0x00000000ef080000,0x00000000ef080000,0x00000000f1600000)
 ParOldGen       total 184320K, used 64399K [0x00000000a0000000, 0x00000000ab400000, 0x00000000e0000000)
  object space 184320K, 34% used [0x00000000a0000000,0x00000000a3ee3eb8,0x00000000ab400000)
 Metaspace       used 105452K, capacity 109846K, committed 111692K, reserved 1146880K
  class space    used 13558K, capacity 14315K, committed 14720K, reserved 1048576K
}

